{
  "RSpec": {
    "coverage": {
      "/home/mettledrum/Desktop/rails4_sandbox/simple_routing/app/helpers/application_helper.rb": [
        1,
        null
      ],
      "/home/mettledrum/Desktop/rails4_sandbox/simple_routing/app/helpers/comments_helper.rb": [
        1,
        null
      ],
      "/home/mettledrum/Desktop/rails4_sandbox/simple_routing/app/helpers/postings_helper.rb": [
        1,
        null
      ],
      "/home/mettledrum/Desktop/rails4_sandbox/simple_routing/app/helpers/users_helper.rb": [
        1,
        null
      ],
      "/home/mettledrum/Desktop/rails4_sandbox/simple_routing/app/helpers/votes_helper.rb": [
        1,
        null
      ],
      "/home/mettledrum/Desktop/rails4_sandbox/simple_routing/app/models/posting.rb": [
        1,
        1,
        1,
        null,
        1,
        null,
        1,
        null,
        null,
        1,
        0,
        null,
        null
      ],
      "/home/mettledrum/Desktop/rails4_sandbox/simple_routing/app/models/concerns/votable.rb": [
        null,
        1,
        1,
        null,
        null,
        null,
        1,
        0,
        0,
        null,
        0,
        null,
        null,
        null,
        null,
        1,
        0,
        null,
        null
      ],
      "/home/mettledrum/Desktop/rails4_sandbox/simple_routing/app/models/item_type.rb": [
        1,
        1,
        1,
        null
      ],
      "/home/mettledrum/Desktop/rails4_sandbox/simple_routing/app/models/user.rb": [
        1,
        1,
        1,
        1,
        null,
        null,
        null,
        1,
        1,
        null,
        1,
        null,
        1,
        1,
        null,
        1,
        1,
        null,
        1,
        0,
        0,
        0,
        null,
        null,
        null,
        null,
        null,
        1,
        0,
        0,
        0,
        null,
        null,
        null
      ],
      "/home/mettledrum/Desktop/rails4_sandbox/simple_routing/app/models/vote.rb": [
        1,
        1,
        null,
        1,
        1,
        1,
        null,
        1,
        null,
        null,
        1,
        null
      ],
      "/home/mettledrum/Desktop/rails4_sandbox/simple_routing/app/models/concerns/variadic_item.rb": [
        null,
        null,
        1,
        1,
        null,
        1,
        1,
        null,
        null,
        null,
        1,
        0,
        null,
        null
      ],
      "/home/mettledrum/Desktop/rails4_sandbox/simple_routing/app/models/comment.rb": [
        1,
        1,
        1,
        1,
        null,
        1,
        1,
        1,
        null,
        1,
        1,
        1,
        1,
        null,
        1,
        0,
        null,
        null,
        null,
        null,
        1,
        null,
        null,
        1,
        0,
        null,
        null,
        null,
        1,
        null,
        null,
        null,
        0,
        null,
        null,
        null,
        1,
        0,
        0,
        null,
        null,
        null,
        1,
        0,
        0,
        null,
        null,
        1,
        0,
        0,
        null,
        null,
        null,
        1,
        0,
        0,
        null,
        null,
        null
      ]
    },
    "timestamp": 1409080136
  }
}
